1541703700871	mozrunner::runner	INFO	Running command: "A:\\常用软件安装\\Firefox\\firefox.exe" "-marionette" "-foreground" "-no-remote" "-profile" "C:\\Users\\10787\\AppData\\Local\\Temp\\rust_mozprofile.xVPwyxYaJmcb"
1541703702652	Marionette	INFO	Listening on port 59133
1541703702997	Marionette	WARN	TLS certificate errors will be ignored for this session
1541703844697	mozrunner::runner	INFO	Running command: "A:\\常用软件安装\\Firefox\\firefox.exe" "-marionette" "-foreground" "-no-remote" "-profile" "C:\\Users\\10787\\AppData\\Local\\Temp\\rust_mozprofile.ojqS3ptAzhjY"
1541703846495	Marionette	INFO	Listening on port 59642
1541703846809	Marionette	WARN	TLS certificate errors will be ignored for this session
JavaScript error: chrome://browser/content/urlbarBindings.xml, line 2709: NS_ERROR_FAILURE: Component returned failure code: 0x80004005 (NS_ERROR_FAILURE) [nsIAutoCompleteController.getStyleAt]
[Child 10384, Chrome_ChildThread] WARNING: pipe error: 109: file z:/build/build/src/ipc/chromium/src/chrome/common/ipc_channel_win.cc, line 346
[Child 10384,[Child 3736, Chrome_ChildThread] WARNING: pipe error: 109: file z:/build/build/src/ipc/chromium/src/chrome/common/ipc_channel_win.cc, line 346
[Child 3736, [Parent 32440, Gecko_IOThread] WARNING: pipe error: 109: file z:/build/build/src/ipc/chromium/src/chrome/common/ipc_channel_win.cc, line 346
[Child 28860, Chrome_ChildThread] WARNING: pipe error: 109: file z:/build/build/src/ipc/chromium/src/chrome/common/ipc_channel_win.cc, line 346
[Child 28860, 1541704066474	Marionette	INFO	Stopped listening on port 59642

###!!! [Child][RunMessage] Error: Channel closing: too late to send/recv, messages will be lost

[GPU 32700
###!!! [Child][MessageChannel::SendAndWait] Error: Channel error: cannot send/recv

ionette	WARN	TLS certificate errors will be ignored for this session
[Parent 3324, Gecko_IOThread] WARNING: pipe error: 109: file z:/build/build/src/ipc/chromium/src/chrome/common/ipc_channel_win.cc, line 346
[Child 25044, Chrome_ChildThread] WARNING: pipe error: 109: file z:/build/build/src/ipc/chromium/src/chrome/common/ipc_channel_win.cc, line 346
[Child 25044[Child 22004, Chrome_ChildThread] WARNING: pipe error: 109: file z:/build/build/src/ipc/chromium/src/chrome/common/ipc_channel_win.cc, line 346
[Child 22004, Chrome_ChildThread] W[Parent 3324, Gecko_IOThread] WARNING: pipe error: 109: file z:/build/build/src/ipc/chromium/src/chrome/common/ipc_channel_win.cc, line 346
[Child 16812, Chrome_ChildThread] WARNING: pipe error: 109: file z:/build/build/src/ipc/chromium/src/chrome/common/ipc_channel_win.cc, line 346
[Child 16812, Chrome_ChildThread] WARN1541704065363	Marionette	INFO	Stopped listening on port 60359

###!!! [Child][RunMessage] Error: Channel closing: too late to send/recv, messages will be lost

[GPU 36196, 
###!!! [Child][MessageChannel::SendAndWait] Error: Channel error: cannot send/recv

1541704070778	mozrunner::runner	INFO	Running command: "A:\\常用软件安装\\Firefox\\firefox.exe" "-marionette" "-foreground" "-no-remote" "-profile" "C:\\Users\\10787\\AppData\\Local\\Temp\\rust_mozprofile.3y3rNKXzMXuw"
1541704072570	Marionette	INFO	Listening on port 60491
1541704072900	Marionette	WARN	TLS certificate errors will be ignored for this session
[Child 20704, Chrome_ChildThread] WARNING: pipe error: 109: file z:/build/build/src/ipc/chromium/src/chrome/common/ipc_channel_win.cc, line 346
[Child 20704,[Child 19452, Chrome_ChildThread] WARNING: pipe error: 109: file z:/build/build/src/ipc/chromium/src/chrome/common/ipc_channel_win.cc, line 346
[Child 19452[Parent 15572, Gecko_IOThread] WARNING: file z:/bui[Parent 25536, Gecko_IOThread] WARNING: pipe error: 109: file z:/build/build/src/ipc/chromium/src/chrome/common/ipc_channel_win.cc, line 346
[Child 5728, Chrome_ChildThread] WARNING: pipe error: 109: file z:/build/build/src/ipc/chromium/src/chrome/common/ipc_channel_win.cc, line 346
[Child 5728, Chrome_ChildThread] WARNING: pipe error: 109: file z:/build/build/src/ipc/chromium/src/chrome/common/ipc_channel_win.[Parent 25536, Gecko_IOThread] WARNING: pipe error: 109: file z:/build/build/src/ipc/chromium/src/chrome/common/ipc_channel_win.cc, line 346
[Child 38784, Chrome_ChildThread] WARNING: pipe error: 109: file z:/build/build/src/ipc/chromium/src/chrome/common/ipc_channel_win.cc, line 346
[Child 38784, Chrome_Chil1541704123658	Marionette	INFO	Stopped listening on port 60703
[GPU 26840, Chrome_ChildT
###!!! [Child][RunMessage] Error: Channel closing: too late to send/recv, messages will be lost


###!!! [Child][MessageChannel::SendAndWait] Error: Channel error: cannot send/recv

1541704137208	mozrunner::runner	INFO	Running command: "A:\\常用软件安装\\Firefox\\firefox.exe" "-marionette" "-foreground" "-no-remote" "-profile" "C:\\Users\\10787\\AppData\\Local\\Temp\\rust_mozprofile.K4OvFcwzGRX6"
1541704138918	Marionette	INFO	Listening on port 60843
1541704139327	Marionette	WARN	TLS certificate errors will be ignored for this session
[Parent 10980, Gecko_IOThread] WARNING: pipe error: 109: file z:/build/build/src/ipc/chromium/src/chrome/common/ipc_channel_win.cc, line 346
[Child 24616, Chrome_ChildThread] WARNING: pipe error: 109: file z:/build/build/src/ipc/chromium/src/chrome/common/ipc_channel_win.cc, line 346
[Child 24616, [Child 38088, Chrome_ChildThread] WARNING: pipe error: 109: file [Parent 13044, Gecko_IOThread] WARNING: pipe error: 109: file z:/build/build/src/ipc/chromium/src/chrome/common/ipc_channel_win.cc, line 346
[Child 16804, Chrome_ChildThread] WARNING: pipe error: 109: file z:/build/build/src/ipc/chromium/src/chrome/common/ipc_channel_win.cc, line 346
[Child 29372[Child 1, Chrome_ChildThread] WARNING: pipe error: 109: file z:/bui[Parent 8980, Gecko_IOThread] WARNING: pipe error: 109: file z:/build/build/src/ipc/chromium/src/chrome/common/ipc_channel_win.cc, line 346
[Child 27008, Chrome_ChildThread] WARNING: pipe error: 109: file z:/build/build/src/ipc/chromium/src/chrome/common/ipc_channel_win.c[cChil, lid 15236, Chrome_ChildThread] WARNING: pipe error: 109: file z:/buinld/build/src/ie [Parent 21984, Gecko_IOThread] WARNING: pipe error: 109: file z:/build/build/src/ipc/chromium/src/chrome/common/ipc_channel_win.cc, line 346
[Child 36196, Chrome_ChildThread] WARNING: pipe error: 109: file z:/build/build/src/ipc/chromium/src/chrome/common/ipc_channel_win.cc, line 346[Ch
ild 36724, Chrome_Child[ChilTd 36hread] WARNING: pipe error: 109: file z:/build/build/src/ipc/chromium/src/chrome/common/ipc_channel_win.cc, line 346
[Child 36724, Ch[Parent 21984, Gecko_IOThread] WARNING: pipe error: 109: file z:/build/build/src/ipc/chromium/src/chrome/common/ipc_channel_win.cc, line 346
[Child 13472, Chrome_ChildThread] WARNING: pipe error: 109: file z:/build/build/src/ipc/chromium/src/chrome/common/ipc_channel_win.cc, line 346
[Child 1341541705631892	Marionette	INFO	Stopped listening on port 61726
[GPU 26
###!!! [Child][RunMessage] Error: Channel closing: too late to send/recv, messages will be lost


###!!! [Child][MessageChannel::SendAndWait] Error: Channel error: cannot send/recv

ING: pipe error: 109: file z:/build/build/src/ipc/chromium/src/chrome/common/ipc_channel_win.cc, line 346
[Child 28908, [Parent 38564, Gecko_IOThread] WARNING: pipe error: 109: file z:/build/build/src/ipc/chromium/src/chrome/common/ipc_channel_win.cc, line 346
[Child 24200, Chrome_ChildThread] WARNING: pipe error: 109: file z:/build/build/src/ipc/chromium/src/chrome/common/ipc_channel_win.cc, line 346
[Child 24200,[GPU 22072,
###!!! [Child][RunMessage] Error: Channel closing: too late to send/recv, messages will be lost

 Chr
###!!! [Child][MessageChannel::SendAndWait] Error: Channel error: cannot send/recv

1541705734685	mozrunner::runner	INFO	Running command: "A:\\常用软件安装\\Firefox\\firefox.exe" "-marionette" "-foreground" "-no-remote" "-profile" "C:\\Users\\10787\\AppData\\Local\\Temp\\rust_mozprofile.VTcerj2obMEo"
1541705736526	Marionette	INFO	Listening on port 50446
1541705736808	Marionette	WARN	TLS certificate errors will be ignored for this session
JavaScript error: http://beacon.sina.com.cn/h.js, line 1: ReferenceError: etag_ngx_str is not defined
1541705739190	Marionette	INFO	Stopped listening on port 50446
[Parent 33564, Gecko_IOThread] WARNING: pipe error: 109: file z:/build/build/src/ipc/chromium/src/chrome/common/ipc_channel_win.cc, line 346
[Child 22116, Chrome_ChildThread] WARNING: pipe error: 109: file z:/build/build/src/ipc/chromium/src/chrome/common/ipc_channel_win.cc, line 346
[Child 22116[Child 30592, Chrome_ChildThread] WARNING: pipe error: 109: file z:/build/build/src/ipc/chromium/src/chrome/common/ipc_channel_win.cc, line 346
[Child 30592, Chr[Parent 33564, Gecko_IOThread] WARNING: pipe error: 109: file z:/build/build/src/ipc/chromium/src/chrome/common/ipc_channel_win.cc, line 346
[Child 32824, Chrome_ChildThread] WARNING: pipe error: 109: file z:/build/build/src/ipc/chromium/src/chrome/common/ipc_channel_win.cc, line 346
[Child 32824, Chrome
###!!! [Child][RunMessage] Error: Channel closing: too late to send/recv, messages will be lost

[GPU 24056, Ch
###!!! [Child][MessageChannel::SendAndWait] Error: Channel error: cannot send/recv

1541705784726	mozrunner::runner	INFO	Running command: "A:\\常用软件安装\\Firefox\\firefox.exe" "-marionette" "-foreground" "-no-remote" "-profile" "C:\\Users\\10787\\AppData\\Local\\Temp\\rust_mozprofile.HYvlWsiSFUhO"
1541705786462	Marionette	INFO	Listening on port 50834
1541705786837	Marionette	WARN	TLS certificate errors will be ignored for this session
JavaScript error: http://beacon.sina.com.cn/h.js, line 1: ReferenceError: etag_ngx_str is not defined
1541705789242	Marionette	INFO	Stopped listening on port 50834
[Child 7264, Chrome_ChildThread] WARNING: pipe error: 109: file z:/build/build/src/ipc/chromium/src/chrome/common/ipc_channel_win.cc, line 346
[Child 7264, Chrome_ChildThread][Parent 8044, Gecko_IOThread] WARNING: pipe error: 109: file z:/build/build/src/ipc/chromium/src/chrome/common/ipc_channel_win.cc, line 346
[Child 17036, Chrome_ChildThread] WARNING: pipe error: 109: file z:/build/build/src/ipc/chromium/src/chrome/common/ipc_channel_win.cc, line 346
[Child 17036, Chrome[Parent 8044, Gecko_IOThread] WARNING: pipe error: 109: file z:/build/build/src/ipc/chromium/src/chrome/common/ipc_channel_win.cc, line 346
[Child 29996, Chrome_ChildThread] WARNING: pipe error: 109: file z:/build/build/src/ipc/chromium/src/chrome/common/ipc_channel_win.cc, line 346
[Child 29996,
###!!! [Child][RunMessage] Error: Channel closing: too late to send/recv, messages will be lost

[GP
###!!! [Child][MessageChannel::SendAndWait] Error: Channel error: cannot send/recv

1541705991218	mozrunner::runner	INFO	Running command: "A:\\常用软件安装\\Firefox\\firefox.exe" "-marionette" "-foreground" "-no-remote" "-profile" "C:\\Users\\10787\\AppData\\Local\\Temp\\rust_mozprofile.SQkR6YNn20kI"
1541705992999	Marionette	INFO	Listening on port 51905
1541705993337	Marionette	WARN	TLS certificate errors will be ignored for this session
JavaScript error: http://beacon.sina.com.cn/h.js, line 1: ReferenceError: etag_ngx_str is not defined
1541705995674	Marionette	INFO	Stopped listening on port 51905
[Parent 32032, Gecko_IOThread] WARNING: pipe error: 109: file z:/build/build/src/ipc/chromium/src/chrome/common/ipc_channel_win.cc, line 346
[Parent 32032, Gecko_IOThread] WARNING: pipe error: 109: file z:/build/build/src/ipc/chromium/src/chrome/common/ipc_channel_win.cc, line 346
[Child 5452, Chrome_ChildThread] WARNING: pipe error: 109: file z:/build/build/src/ipc/chromium/src/chrome/common/ipc_channel_win.cc, line 346
[Child 5452[Child 26064, Chrome_ChildThread] WARNING: pipe error: 109: file z:/build/build/src/ipc/chromium/src/chrome/common/ipc_channel_win.cc, line 346
[Child 26064, [Parent 32032, Gecko_IOThread] WARNING: pipe error: 109: file z:/build/build/src/ipc/chromium/src/chrome/common/ipc_channel_win.cc, line 346
[Child 4216, Chrome_ChildThread] WARNING: pipe error: 109: file z:/build/build/src/ipc/chromium/src/chrome/common/ipc_channel_win.cc, line 346
[Child 4216, Ch
###!!! [Child][RunMessage] Error: Channel closing: too late to send/recv, messages will be lost

[
###!!! [Child][MessageChannel::SendAndWait] Error: Channel error: cannot send/recv

1541706370050	mozrunner::runner	INFO	Running command: "A:\\常用软件安装\\Firefox\\firefox.exe" "-marionette" "-foreground" "-no-remote" "-profile" "C:\\Users\\10787\\AppData\\Local\\Temp\\rust_mozprofile.NvtAy6kpxinv"
1541706371782	Marionette	INFO	Listening on port 54939
1541706372164	Marionette	WARN	TLS certificate errors will be ignored for this session
JavaScript error: http://beacon.sina.com.cn/h.js, line 1: ReferenceError: etag_ngx_str is not defined
1541706374754	Marionette	INFO	Stopped listening on port 54939
[Parent 24088, Gecko_IOThread] WARNING: pipe error: 109: file z:/build/build/src/ipc/chromium/src/chrome/common/ipc_channel_win.cc, line 346
[Child 20108, Chrome_ChildThread] WARNING: pipe error: 109: file z:/build/build/src/ipc/chromium/src/chrome/common/ipc_channel_win.cc, line 346
[Child 20108,[Child 39112, Chrome_ChildThread] WARNING: pipe error: 109: file z:/build/build/src/ipc/chromium/src/chrome/common/ipc_channel_win.cc, line 346
[Child 39112, [Parent 24088, Gecko_IOThread] WARNING: pipe error: 109: file z:/build/build/src/ipc/chromium/src/chrome/common/ipc_channel_win.cc, line 346
[GPU 3299
###!!! [Child][RunMessage] Error: Channel closing: too late to send/recv, messages will be lost


###!!! [Child][MessageChannel::SendAndWait] Error: Channel error: cannot send/recv

1541706394929	mozrunner::runner	INFO	Running command: "A:\\常用软件安装\\Firefox\\firefox.exe" "-marionette" "-foreground" "-no-remote" "-profile" "C:\\Users\\10787\\AppData\\Local\\Temp\\rust_mozprofile.NNUYMGC8ZO1y"
1541706396657	Marionette	INFO	Listening on port 55197
1541706397049	Marionette	WARN	TLS certificate errors will be ignored for this session
JavaScript error: http://beacon.sina.com.cn/h.js, line 1: ReferenceError: etag_ngx_str is not defined
1541706399570	Marionette	INFO	Stopped listening on port 55197
[Parent 14992, Gecko_IOThread] WARNING: pipe error: 109: file z:/build/build/src/ipc/chromium/src/chrome/common/ipc_channel_win.cc, line 346
[Child 6936, Chrome_ChildThread] WARNING: pipe error: 109: file z:/build/build/src/ipc/chromium/src/chrome/common/ipc_channel_win.cc, line 346
[Child 6936,[Parent 14992, Gecko_IOThread] WARNING: pipe error: 109: file z:/build/build/src/ipc/chromium/src/chrome/common/ipc_channel_win.cc, line 346

###!!! [Child][RunMessage] Error: Channel closing: too late to send/recv, messages will be lost

[C
###!!! [Child][RunMessage] Error: Channel closing: too late to send/recv, messages will be lost

hild 11540, Chrome_ChildThread] WARNI[Parent 14992, Gecko_IOThread] WARNING: pipe error: 109: file z:/build/build/src/ipc/chromium/src/chrome/common/ipc_channel_win.cc, line 346
[Child 20944, Chrome_ChildThread] WARNING: pipe error: 109: file z:/build/build/src/ipc/chromium/src/chrome/common/ipc_channel_win.cc, line 346
[Child 20944, Chr[GPU 15704, C
###!!! [Child][RunMessage] Error: Channel closing: too late to send/recv, messages will be lost


###!!! [Child][MessageChannel::SendAndWait] Error: Channel error: cannot send/recv

1541706683623	mozrunner::runner	INFO	Running command: "A:\\常用软件安装\\Firefox\\firefox.exe" "-marionette" "-foreground" "-no-remote" "-profile" "C:\\Users\\10787\\AppData\\Local\\Temp\\rust_mozprofile.Cfzm4StkapPr"
1541706685557	Marionette	INFO	Listening on port 56835
1541706685739	Marionette	WARN	TLS certificate errors will be ignored for this session
JavaScript error: http://beacon.sina.com.cn/h.js, line 1: ReferenceError: etag_ngx_str is not defined
1541706688380	Marionette	INFO	Stopped listening on port 56835
[Parent 15452, Gecko_IOThread] WARNING: pipe error: 109: file z:/build/build/src/ipc/chromium/src/chrome/common/ipc_channel_win.cc, line 346
[Child 2936, Chrome_ChildThread] WARNING: pipe error: 109: file z:/build/build/src/ipc/chromium/src/chrome/common/ipc_channel_win.cc, line 346
[Child 2936,[Parent 15452, Gecko_IOThread] WARNING: pipe error: 109: file z:/build/build/src/ipc/chromium/src/chrome/common/ipc_channel_win.cc, line 346
[Child 35392, Chrome_ChildThread] WARNING: pipe error: 109: file z:/build/build/src/ipc/chromium/src/chrome/common/ipc_channel_win.cc, line 346
[Child 35392, Chrome_ChildThread] WARNING[Parent 15452, Gecko_IOThread] WARNING: pipe error: 109: file z:/build/build/src/ipc/chromium/src/chrome/common/ipc_channel_win.cc, line 346
[Child 27816, Chrome_ChildThread] WARNING: pipe error: 109: file z:/build/build/src/ipc/chromium/src/chrome/common/ipc_channel_win.cc, line 346
[Child 27816, 
###!!! [Child][RunMessage] Error: Channel closing: too late to send/recv, messages will be lost

[GPU 20292, Chrome
###!!! [Child][MessageChannel::SendAndWait] Error: Channel error: cannot send/recv

1541706760379	mozrunner::runner	INFO	Running command: "A:\\常用软件安装\\Firefox\\firefox.exe" "-marionette" "-foreground" "-no-remote" "-profile" "C:\\Users\\10787\\AppData\\Local\\Temp\\rust_mozprofile.aNu6S6By3s3G"
1541706762213	Marionette	INFO	Listening on port 57221
1541706762499	Marionette	WARN	TLS certificate errors will be ignored for this session
JavaScript error: http://beacon.sina.com.cn/h.js, line 1: ReferenceError: etag_ngx_str is not defined
1541706765332	Marionette	INFO	Stopped listening on port 57221
[Parent 33164, Gecko_IOThread] WARNING: pipe error: 109: file z:/build/build/src/ipc/chromium/src/chrome/common/ipc_channel_win.cc, line 346
[Parent 33164, Gecko_IOThread] WARNING: pipe error: 109: file z:/build/build/src/ipc/chromium/src/chrome/common/ipc_channel_win.cc, line 346
[Child 29316, Chrome_ChildThread] WARNING: pipe error: 109: file z:/build/build/src/ipc/chromium/src/chrome/common/ipc_channel_win.cc, line 346
[Child 2931[Child 25896, Chrome_ChildThread] WARNING: pipe error: 109: file z:/build/build/src/ipc/chromium/src/chrome/common/ipc_channel_win.cc, line 346
[Child 25896, Ch[Parent 33164, Gecko_IOThread] WARNING: pipe error: 109: file z:/build/build/src/ipc/chromium/src/chrome/common/ipc_channel_win.cc, line 346
[Child 672, Chrome_ChildThread] WARNING: pipe error: 109: file z:/build/build/src/ipc/chromium/src/chrome/common/ipc_channel_win.cc, line 346
[Child 672, Chr
###!!! [Child][RunMessage] Error: Channel closing: too late to send/recv, messages will be lost

[GPU 856, Chrome
###!!! [Child][MessageChannel::SendAndWait] Error: Channel error: cannot send/recv

1541706769552	mozrunner::runner	INFO	Running command: "A:\\常用软件安装\\Firefox\\firefox.exe" "-marionette" "-foreground" "-no-remote" "-profile" "C:\\Users\\10787\\AppData\\Local\\Temp\\rust_mozprofile.zCYj4K7zct9a"
1541706771293	Marionette	INFO	Listening on port 57357
1541706771667	Marionette	WARN	TLS certificate errors will be ignored for this session
[Parent 37792, Gecko_IOThread] WARNING: pipe error: 109: file z:/build/build/src/ipc/chromium/src/chrome/common/ipc_channel_win.cc, line 346
[Parent 37792, Gecko_IOThread] WARNING: pipe error: 109: file z:/build/build/src/ipc/chromium/src/chrome/common/ipc_channel_win.cc, line 346
[Child 29068, Chrome_ChildThread] WARNING: pipe error: 109: file z:/build/build/sr[Child 24264, Chrome_ChildThread] WARNING: pipe error: 109: file z:/build/build/src/ipc/chromium/src/chrome/common/ipc_channel_win.cc, line 346
[Child 24264, Chrome_[Parent 12448, Gecko_IOThread] WARNING: pipe error: 109: file z:/build/build/src/ipc/chromium/src/chrome/common/ipc_channel_win.cc, line 346
[Child 29620, Chrome_ChildThread] WARNING: pipe error: 109[Parent 32048, Gecko_IOThread] WARNING: pipe error: 109: file z:/build/build/src/ipc/chromium/src/chrome/common/ipc_channel_win.cc, line 346
[Child 27724, Chrome_ChildThread] WARNING: pipe error: 109: file z:/build/build/src/ipc/chromium/src/chrome/common/ipc_channel_win.cc, line 346
[Child 27724, C[Parent 32048, Gecko_IOThread] WARNING: pipe error: 109: file z:[Child 33208, Chrome_ChildThread] WARNING: pipe error: 109: file z:/build/build/src/ipc/chromium/src/chrome/common/ipc_channel_win.cc, line 346
[Child 33208, [Child 10252, Chrome_ChildThread] WARNING: pipe error: 109: file z:/build/build/src/ipc/chromium/src/chrome/common/ipc_channel_win.cc, line 346
[Child 10252[Parent 19256, Gecko_IOThread] WARNING: pipe error[Child 20840, Chrome_ChildThread] WARNING: pipe error: 109: file z:/build/build/src/ipc/chromium/src/chrome/common/ipc_channel_win.cc, line 346
[Child 20840,[Parent 9352, Gecko_IOThread] WARNING: pipe error: 109: file z:/build/build/src/ipc/chromium/src/chrome/common/ipc_channel_win.cc, line 346
[Child 11104, Chrome_ChildThread] WARNING: pipe error: 109: file z:[Parent 21064, Gecko_IOThread] WARNING: pipe error: 109: file z:/build/build/src/ipc/chromium/src/chrome/common/ipc_channel_win.cc, line 346
[Child 23384, Chrome_ChildThread] WARNING: pipe error: 109: file z:/build/build/src/ipc/chromium/src/chrome/common/ipc_channel_win.cc, line 346[Child
 17768, Chrome_Ch[ildThCreadh] WARNING: pipe error: 109: file z:/build/bu[Parent 31528, Gecko_IOThread] WARNING: pipe error: 109: file z:/build/build/src/ipc/chromium/src/chrome/common/ipc_channel_win.cc, line 346
[Parent 31528, Gecko_IOThread] WARNING: pipe error: 109: file z:/build/build/src/ipc/chromium/src/chrome/common/ipc_channel_win.cc, line 346
[Child 23992, Chrome_ChildThread] WARNING: pipe error: 109: file z:/build/build/sr[Parent 11532, Gecko_IOThread] WARNING: pipe error: 109: file z:/build/build/src/ipc/chromium/src/chrome/common/ipc_channel_win.cc, line 346
[Child 6836, Chrome_ChildThread] WARNING: pipe error: 109: file z:/build/build/src/ipc/chromium/src/chrome/common/ipc_channel_win.cc, line 346
[Child 6836, Chrome_ChildThread] WA[Parent 11532, Gecko_IOThread] WARNING: file [Parent 25284, Gecko_IOThread] WARNING: pipe error: 109: file z:/build/build/src/ipc/chromium/src/chrome/common/ipc_channel_win.cc, line 346
[Parent 25284, Gecko_IOThread] WARNING: pipe error: 109: file z:/build/build/src/ipc/chromium/src/chrome/common/ipc_channel_win.cc, line 346
[Child 2900, Chrome_ChildThread] WARNING: pipe error: 109: file z:/build/build/src[Child 32132, Chrome_ChildThread] WARNING: pipe error: 109: file z:/build/build/src/ipc/chromium/src/chrome/common/ipc_channel_win.cc, line 346
[Child 3[Parent 12376, Gecko_IOThread] WARNING: pipe error: 109: file z:/build/build/src/ipc/chromium/src/chrome/common/ipc_channel_win.cc, line 346
[Child 2004, Chrome_ChildThread] WARNING: pipe error: 109: file z:/build/build/src/ipc/chromium/src/chrome/common/ipc_channel_win.cc, line 346
[Child 2004,[Parent 12376, Gecko_IOThread] WARNING: pipe error: 109: file z:/build/build/src/ipc/chromium/src/chrome/common/ipc_channel_win.cc, line 346
[Child 16296, Chrome_ChildThread] WARNING: pipe error: 109: file z:/build/build/src/ipc/chromium/src/chrome/common/ipc_channel_win.cc, line 346
[Child 16296, Chrome_Chi1541706906352	Marionette	INFO	Stopped listening on port 58153
[GP
###!!! [Child][RunMessage] Error: Channel closing: too late to send/recv, messages will be lost

U 271
###!!! [Child][MessageChannel::SendAndWait] Error: Channel error: cannot send/recv

1541706912183	mozrunner::runner	INFO	Running command: "A:\\常用软件安装\\Firefox\\firefox.exe" "-marionette" "-foreground" "-no-remote" "-profile" "C:\\Users\\10787\\AppData\\Local\\Temp\\rust_mozprofile.FT2sJog8P6vq"
1541706913964	Marionette	INFO	Listening on port 58227
1541706914299	Marionette	WARN	TLS certificate errors will be ignored for this session
[Child 32680, Chrome_ChildThread] WARNING: pipe error: 109: file z:/build/build/src/ipc/chromium/src/chrome[Child /common/i283pc_channe96, Chrome_ChildTl_wihread] WARNING: pipe ern.cc,ror li: 109: file z:/build/builne 346d/src/
ipc/chromium/src/chrome/common/ipc_channel_win.cc, line 346
[Child 28396,[Parent 33496, Gecko_IOThread] WARNING: pipe error: 109: file z[Parent 15952, Gecko_IOThread] WARNING: pipe error: 109: file z:/build/build/src/ipc/chromium/src/chrome/common/ipc_channel_win.cc, line 346
[Child 11800, Chrome_ChildThread] WARNING: pipe error: 109: file z:/build/build/src/ipc/chromium/src/chrome/common/ipc_channel_win.cc, line 346
[Child 11800,[Child 33324, Chrome_ChildThread] WARNING: pipe error: 109: file z[Parent 31316, Gecko_IOThread] WARNING: pipe error: 109: file z:/build/build/src/ipc/chromium/src/chrome/common/ipc_channel_win.cc, line 346
[Parent 31316, Gecko_IOThread] WARNING: pipe error: 109: file z:/build/build/src/ipc/chromium/src/chrome/common/ipc_channel_win.cc, line 346
[Child 27172, Chrome_ChildThread] WARNING: pipe error: 109: file z:/build/build/sr[Child 19132, Chrome_ChildThread] WARNING: pipe error: 109: file z:/build/build/src/ipc/chromium/src/chrome/common/ipc_channel_win.cc, line 346
[Child 19132, Ch[Child 26384, Chrome_ChildThread] WARNING: pipe error: 109: file z:/build/build/src/ipc/chromium/src/chrome/common/ipc_channel_win.cc, line 346
[Child 26384[Parent 23324, Gecko_IOThread] WARNING: pipe error: 109: file z:/build/build/src/ipc/chromium/src/chrome/common/ipc_channel_win.cc, line 346
[Child 36892, Chrome_ChildThread] WARNING: pipe error: 109: file z:/build/build/src/ipc/chromium/src/chrome/common/ipc_channel_win.cc, line 346
[Child 36892, Chro1541706974210	Marionette	INFO	Stopped listening on port 58441

###!!! [Child][RunMessage] Error: Channel closing: too late to send/recv, messages wi[Parent 9440, Gecko_IOThread] WARNING: pipe error: 109: file z:/build/build/src/ipc/chromium/src/chrome/common/ipc_channel_win.cc, line 346
[Child 26016, Chrome_ChildThread] WARNING: pipe error: 109: file z:/build/build/src/ipc/chromium/src/chrome/common/ipc_channel_win.cc, line 346
[Child 26016, C[Parent 9440, Gecko_IOThread] WARNING: pipe error: 109: file z:/build/build/src/ipc/chromium/src/chrome/common/ipc_channel_win.cc, line 346
[Child 36048, Chrome_ChildThread] WARNIN[Parent 33808, Gecko_IOThread] WARNING: pipe error: 109: file z:/build/build/src/ipc/chromium/src/chrome/common/ipc_channel_win.cc, line 346
[Child 26684, Chrome_ChildThread] WARNING: pipe error: 109: file z:/build/build/src/ipc/chromium/src/chrome/common/ipc_channel_win.cc, line 346
[Child 26684, Chrome_ChildThread][Parent 33808, Gecko_IOThread] WARNING: pipe e[Parent 9144, Gecko_IOThread] WARNING: pipe error: 109: file z:/build/build/src/ipc/chromium/src/chrome/common/ipc_channel_win.cc, line 346
[Child 27384, Chrome_ChildThread] WARNING: pipe error: 109: file z:/build/build/src/ipc/chromium/src/chrome/common/ipc_channel_win.cc, line 346
[Child 27384, Chrome_Chi[lChild 16464, Chrome_ChildThread] WARNING: pipe error: 109: file z:/build/build/src/ipc/chromium/src/chrome/common/ipc_channel_win.cc, line 346
[Child 16464, Chrom[Parent 9144, Gecko_IOThread] WARNING: file z:/build/build/src/ipc/chromium/src/base/process_util_win.cc, line 188
[Parent 9144, Gecko_IOThread] WARNING: file z:/build/build/src/ipc/chromium/src/base/process_util_win.cc, line 188
[Parent 9144, Gecko_IOThread] WARNING: pipe error: 109: file z:/[Parent 27440, Gecko_IOThread] WARNING: pipe error: 109: file z:/build/build/src/ipc/chromium/src/chrome/common/ipc_channel_win.cc, line 346
[Parent 27440, Gecko_IOThread] WARNING: pipe error: 109: file z:/build/build/src/ipc/chromium/src/chrome/common/ipc_channel_win.cc, line 346
[Child 39128, Chrome_ChildThread] WARNING: pipe error: 109: file z:/build/build/src/ipc/chromium/src/chrome/common/ipc_channel_win.cc, line 346
[Child 14472, Chrome_ChildThread] WARNING: pipe error: 109: file z:/build/build/src/ipc/chromium/src/chrome/common/ipc_channel_win.cc, line 346
[Child 14472,[Parent 27440, Gecko_IOThread] WARNING: pipe error: 109: file z:/build/build/src/ipc/chromium/src/chrome/common/ipc_channel_win.cc, line 346
[Child 39508, Chrome_ChildThread] WARNING: pipe error: 109: file z:/build/build/src/ipc/chromium/src/chrome/common/ipc_channel_win.cc, line 346
[Child 39508, Chrom1541707213169	Marionette	INFO	Stopped listening on port 58777

###!!! [Child][RunMessage] Error: Channel closing: too late to send/recv, messages will be lost

[GPU 32460, Chrome_Chi
###!!! [Child][MessageChannel::SendAndWait] Error: Channel error: cannot send/recv

pe error: 109: file z:/build/build/src/ipc/chromium/src/chrome/common/ipc_channel_win.cc, line 346
[Parent 22988, Gecko_IOThread] WARNING: pipe error: 109: file z:/build/build/src/ipc/chromium/src/chrome/common/ipc_channel_win.cc, line 346
[Child 37192, Chrome_ChildThread] WARNING: pipe error: 109: file z:/build/build/src/ipc/chromium/src/chrome/common/ipc_channel_win.cc, line 346
[Child 37192, Chrome_ChildThread] WARNIN1541707212873	Marionette	INFO	Stopped listening on port 58855

###!!! [Child][RunMessage] Error: Channel closing: too late to send/recv, messages will be lost

[GPU 3
###!!! [Child][MessageChannel::SendAndWait] Error: Channel error: cannot send/recv

116, Chr[Parent 36060, Gecko_IOThread] WARNING: file z:/build/build/src/ipc/chromium/src/base/process_util_win.cc, line 188
[Parent 36060, Gecko_IOThread] WARNING: file z:/build/build/src/ipc/chromium/src/base/process_util_win.cc, line 188
[Parent 36060, Gecko_IOThread] WARNING: pipe error: 109: file z:/build/build/src/ipc/chromium/src/chrome/common/ipc_channel_win.cc, line 346
[Child 23660, Chrome_ChildThread] WARNING: pipe error: 1[Child 22108, Chrome_ChildThread] WARNING: pipe error: 109: file z:/build/build/src/ipc/chromium/src/chrome/common/ipc_channel_win.cc, line 346
[Child 22108, Chrom1541707212484	Marionette	INFO	Stopped listening on port 59021

###!!! [Ch1541707212683	Marionette	INFO	Stopped listening on port 59076

###!!! [Child][RunMessage] Error: Channel closing: too late to send/recv, messages will be lost

[GPU 12440, Chrome_Chil
###!!! [Child][MessageChannel::SendAndWait] Error: Channel error: cannot send/recv

_channel_win.cc, line 346

###!!! [Child][MessageChannel::SendAndWait] Error: Channel error: cannot send1541707213127	Marionette	INFO	Stopped listening on port 59126
[GPU 36408, Chrome_ChildThread] WARNING: pipe error: 109: file z:/build/build/src/ipc/chromium/src/chrome/common/ipc_channel_win.cc, line 34
###!!! [Child][MessageChannel::SendAndWait] Error: Channel error: cannot send/recv

uild/build/src/ipc/chromium/src/chrome/common/ipc_channel_win.cc, line 346
1541707213093	Marionette	INFO	Stopped listening on port 59173

###!!! [Child][MessageChannel::SendAndWait] Error: Channel error: cannot send/recv

chromium/src/chrome/common/ipc_channel_win.cc, line 346
[Parent 23576, Gecko_IOThread] WARNING: pipe error: 109: file z:/build/build/src/ipc/chromium/src/chrome/common/ipc_channel_win.cc, line 346
[Child 16844, Chrome_ChildThread] WARNING: pipe error: 109: file z:/build/build/src/ipc/chromium/src/chrome/common/ipc_channel_win.cc, line 346
[Child 16844, Chrome_ChildThread] WARNING: pipe error: 109: file z:/build/build/src/ipc/chromium/src/chrome/common/ipc_channel_win.cc, line 346
1541707213310	Marionette	INFO	Stopped listening on port 59217

###!!! [Child][RunMessage] Error: Channel closing: too late to send/recv, messages will be lost


###!!! [Child][MessageChannel::SendAndWait] Error: Channel error: cannot send/recv

c/chromium/src/chrome/common/ipc_channel_win.c1541707214050	Marionette	INFO	Stopped listening on port 59318
[GPU 11124, Chrome_ChildThr
###!!! [Child][MessageChannel::SendAndWait] Error: Channel error: cannot send/recv

GPU 16120, Chrome_Chil
###!!! [Child][MessageChannel::SendAndWait] Error: Channel error: cannot send/recv

 z:/build/build/src/ipc/chromium/src/chrome/common/ipc_channel_win.cc, line 346
[Child 13036, Chrome_ChildThread] WARNING: pipe error: 109: file z:/build/build/src/ipc/chromium/src/chrome/common/ipc_channel_win.cc, line 346
[Child 130361541707213059	Marionette	INFO	Stopped listening on port 59390

###!!! [Child][MessageChannel::SendAndWait] Error: Channel error: cannot send/recv

 file z:/build/build/src/ipc/chromium/src/chrome/common/ipc_channel_win.cc, line 346
[Child 16540, Chrome_ChildThread] WARNING: pipe error: 109: file z:/build/build/src/ipc/chromium/src/chrome/common/ipc_channel_win.cc, line 346
1541707213310	Marionette	INFO	Stopped listening on port 59449
[GPU 10284, Chrome_ChildThread] WARNING: pipe error
###!!! [Child][MessageChannel::SendAndWait] Error: Channel error: cannot send/recv

91[Parent 31756, Gecko_IOThread] WARNING: pipe error: 109: file z:/build/build/src/ipc/chromium/src/chrome/common/ipc_channel_win.cc, line 346
[Child 38436, Chrome_ChildThread] WARNING: pipe error: 109: file z:/build/build/src/ipc/chromium/src/chrome/common/ipc_channel_win.cc, line 346
[Child 38436, Ch1541707214045	Marionette	INFO	Stopped listening on port 59539

###!!! [Child][MessageChannel::SendAndWait] Error: Channel error: cannot send/recv

win.cc, line 188
[Child 4784, Chrome_ChildThread] WARNING: pipe error: 109: file z:/build/build/src/ipc/chromium/src/chrome/common/ipc_channel_win.cc, line 346
1541707213017	Marionette	INFO	Stopped listening on port 59588

###!!! [Child][RunMessage] Error: Channel closing: too late to send/recv, messages will be lost

[GPU 3587
###!!! [Child][MessageChannel::SendAndWait] Error: Channel error: cannot send/recv

hildThread] WARNING: pipe error: 1541707212317	Marionette	INFO	Stopped listening on port 59635

###!!! [Child][RunMessage] Error: Channel closing: too late to send/recv, messages will be lost

[GPU 23992, Chrome_ChildThread] WARNING: pipe error:
###!!! [Child][MessageChannel::SendAndWait] Error: Channel error: cannot send/recv

, line 346
[Child 10804, Chrome_ChildThread] WARNING: pipe error: 109: file z:/build/build/src/ipc/chromium/src/chrome/common/ipc_channel_win.cc, line 346
[Child 10804, Chro1541707213018	Marionette	INFO	Stopped listening on port 59693

###!!! [Child][RunMessage] Error: Channel closing: too late to send/recv, messages will be lost


###!!! [Child][MessageChannel::SendAndWait] Error: Channel error: cannot send/recv
1541707214101	Marionette	INFO	Stopped listening on port 59745

###!!! [Child][RunMessage] Error: Channel closing: too late to send/recv, messages will be lost

[GPU 27804, Ch
###!!! [Child][MessageChannel::SendAndWait] Error: Channel error: cannot send/recv

c/chromium[Child 40848, Chrome_ChildThread] WARNING: pipe error: 109: file z:/build/build/src/ipc/chromium/src/chrome/common/ipc_channel_win.cc, line 346
[Child 40848, C[Parent 40152, Gecko_IOThread] WARNING: pipe error: 109: file z:/build/build/src/ipc/chromium/src/chrome/common/i[Child 41252, Chrome_ChildThr[Child 40684, Chrome_ChildThread] WARNING: pipe error: 109: file z:/build/build/src/ipc/chromium/src/chrome/common/ipc_channel_w1541707212882	Mar1541707213081	Marionette	INFO	Stopped listening on port 59808

###!!! [Child][MessageChannel::SendAndWait] Error: Channel error: cannot send/recv

 41064, Chrome_ChildThread] WARNING: pipe 
###!!! [Child][MessageChannel::SendAndWait] Error: Channel error: cannot send/recv

Error: Channel closing: too late to send/recv, messages will be lost

[GPU 40888, Chrome_ChildThread] WARNING: pi
###!!! [Child][MessageChannel::SendAndWait] Error: Channel error: cannot send/recv

build/src/ipc/chromium/src/chrome/common/ipc_channel_win.cc, line 346
[Child 42304,[Child 42968, Chrome_ChildThread] WARNING: pipe error: 109: file z:/build/build/src/ipc/chromium/src/chrome/common/ipc_channel_win.cc, line 346
[Child 42968[Parent 42428, Gecko_IOThread] WARNING: pipe error: 109: file z:/build/build/src/ipc/chromium/src/chrome/common/ipc_channel_win.cc, line 346
[Child 42952, Chrome_ChildThread] WARNING: pipe error: 109: file z:/build/build/src/ipc/chromium/src/chrome/common/ipc_channel_win.cc, line 346
1541707212478	Marionette	INFO	Stopped listening on port 59973

###!!! [Child][RunMessage] Error: Channel closing: too late to send/recv, messages will be lost

[G
###!!! [Child][RunMessage] Error: Channel closing: too late to send/recv, messages will be lost

PU 42756, Chrome_
###!!! [Child][MessageChannel::SendAndWait] Error: Channel error: cannot send/recv

212206	Marionette	INFO	Stopped listening on port 60028

###!!! [Child][RunMessage] Error: Channel closing: too late to send/recv, messages will be lost


###!!! [Child][MessageChannel::SendAndWait] Error: Channel error: cannot send/recv

WARNING: pipe error: 109: file z:/build/build/src/ipc/chromium/src/chrome/common/ipc_channel_win.cc, line 346
1541707213395	Marionette	INFO	Stopped listening on port 60082

###!!! [Child][MessageChannel::SendAndWait] Error: Channel error: cannot send/recv

ome_ChildThread] WARNING: pipe error: 109: file z:/build/build/src/ipc/chromium/src/chrome/common/ipc_channel_win.cc, line 346
[Child 45[Pare[Child 45596, Chrome_ChildThread] WARNING: pipe error: 109: file z:/build/build/src/ipc/chromium/src/chrome/common/ipc_channel_win.cc, li1541707212335	Mario1541707212787	Marionette	INFO	Stopped listening on port 60194

###!!! [Child][MessageChannel::SendAndWait] Error: Channel error: cannot send/recv

rome/common/ipc_channel_win.cc, line 346
[Child 43680, Chrome_ChildThread] WARNING: pipe error: 109: file z:/build/build/src/ipc/chromium/src/chrome/common/ipc_channel_win.cc, line 346
1541707213079	Marionette	INFO	Stopped listening on port 60262

###!!! [Child][MessageChannel::SendAndWait] Error: Channel error: cannot send/recv

uild/build/src/ipc/chromium/src/chrome/common/ipc_channel_win.cc, line 346
[Child 42448, 1541707212531	Marionette	INFO	Stopped listening on port 60313
[
###!!! [Child][RunMessage] Error: Channel closing: too late to send/recv, messages will be lost


###!!! [Child][MessageChannel::SendAndWait] Error: Channel error: cannot send/recv

rror: 109: file z:/build/build/src/ipc/chromium/src/chrome/common/ipc_channel_win.cc, line 346
[Child 47720,[Parent 17516, Gecko_IOThread] WARNING: pipe error: 109: file z:/build/build/src/ipc/chromium/src/chrome/common/ipc_channel_win.cc, line 346
[Child 47556, Chrome_ChildThread] WARNING: pipe error: 109: file z:/build/build/src/ipc/chromium/src/chrome/common/ipc_channel_win.cc, line 346
1541707213546	Marionette	INFO	Stopped listening on port 60371

###!!! [Child][RunMessage] Error: Channel closing: too late to send/recv, messages will be lost

[GPU 47356, Chrome_ChildTh
###!!! [Child][MessageChannel::SendAndWait] Error: Channel error: cannot send/recv

, line 346
[Parent 48804, Gecko_IOThread] WARNING: file z:/build/build/src/ipc/chro[Parent 47532, Gecko_IOThread] WARNING: pipe error: 109: file z:/build/build/src/ipc/chromium/src/chrome/common/ipc_channel_win.cc, line 346
[Child 47192, Chrome_ChildThread] WARNING: pipe error: 109: file z:/build/build/src/ipc/chromium/src/chrome/common/ipc_channel_win.cc, line 346
[Child 471921541707213311	Marionette	INFO	Stopped listening on port 60422

###!!! [Child][RunMessage] Error: Channel closing: too late to send/recv, messages will be lost

[GPU 660, Chrome_ChildT
###!!! [Child][MessageChannel::SendAndWait] Error: Channel error: cannot send/recv

1541707242259	mozrunner::runner	INFO	Running command: "A:\\常用软件安装\\Firefox\\firefox.exe" "-marionette" "-foreground" "-no-remote" "-profile" "C:\\Users\\10787\\AppData\\Local\\Temp\\rust_mozprofile.C3Rnqj1ZPBM7"
1541707244037	Marionette	INFO	Listening on port 60742
1541707244371	Marionette	WARN	TLS certificate errors will be ignored for this session
JavaScript error: http://beacon.sina.com.cn/h.js, line 1: ReferenceError: etag_ngx_str is not defined
1541707246798	Marionette	INFO	Stopped listening on port 60742
[Parent 23444, Gecko_IOThread] WARNING: pipe error: 109: file z:/build/build/src/ipc/chromium/src/chrome/common/ipc_channel_win.cc, line 346
[Parent 23444, Gecko_IOThread] WARNING: pipe error: 109: file z:/build/build/src/ipc/chromium/src/chrome/common/ipc_channel_win.cc, line 346
[Child 40356, Chrome_ChildThread] WARNING: pipe error: 109: file z:/build/build/src/ipc/chromium/src/chrome/co[Child 2m8080, Chmon/ipc_channerome_ChildThreal_win.cc,d] WAR linNINe 346G: pipe 
error: 109: fil[Child 40356,e z:/build/build/src/ipc/chromium/src/chrome/common/ipc_channel_win.cc, line 346
[Child 28080, Ch[Parent 23444, Gecko_IOThread] WARNING: pipe error: 109: file z:/build/build/src/ipc/chromium/src/chrome/common/ipc_channel_win.cc, line 346

###!!! [Child][RunMessage] Error: Channel closing: too late to send/recv, messages will be lost

[GPU 18108,
###!!! [Child][MessageChannel::SendAndWait] Error: Channel error: cannot send/recv

1541707277803	mozrunner::runner	INFO	Running command: "A:\\常用软件安装\\Firefox\\firefox.exe" "-marionette" "-foreground" "-no-remote" "-profile" "C:\\Users\\10787\\AppData\\Local\\Temp\\rust_mozprofile.2dVoVipHbMyl"
1541707279627	Marionette	INFO	Listening on port 60974
1541707279919	Marionette	WARN	TLS certificate errors will be ignored for this session
JavaScript error: http://beacon.sina.com.cn/h.js, line 1: ReferenceError: etag_ngx_str is not defined
1541707282240	Marionette	INFO	Stopped listening on port 60974
[Parent 17564, Gecko_IOThread] WARNING: pipe error: 109: file z:/build/build/src/ipc/chromium/src/chrome/common/ipc_channel_win.cc, line 346
[Child 42020, Chrome_ChildThread] WARNING: pipe error: 109: file z:/build/build/src/ipc/chromium/src/chrome/common/ipc_channel_win.cc, line 346
[Child 42020, Chrome_Ch[Child 42088, Chrome_ChildThread] WARNING: pipe error: 109: file z:/build/build/src/ipc/chromium/src/chrome/common/ipc_channel_win.cc, line 346
[Child 42088, Chrome_ChildThread] WARNING: pipe error: 109: [Parent 17564, Gecko_IOThread] WARNING: pipe error: 109: file z:/build/build/src/ipc/chromium/src/chrome/common/ipc_channel_win.cc, line 346
[Child 41668, Chrome_ChildThread] WARNING: pipe error: 109: file z:/build/build/src/ipc/chromium/src/chrome/common/ipc_channel_win.cc, line 346
[Child 41668, C[GPU 46224,
###!!! [Child][RunMessage] Error: Channel closing: too late to send/recv, messages will be lost


###!!! [Child][MessageChannel::SendAndWait] Error: Channel error: cannot send/recv

1541707449181	mozrunner::runner	INFO	Running command: "A:\\常用软件安装\\Firefox\\firefox.exe" "-marionette" "-foreground" "-no-remote" "-profile" "C:\\Users\\10787\\AppData\\Local\\Temp\\rust_mozprofile.1NGtnfqbAdix"
1541707450940	Marionette	INFO	Listening on port 62264
1541707451305	Marionette	WARN	TLS certificate errors will be ignored for this session
JavaScript error: http://beacon.sina.com.cn/h.js, line 1: ReferenceError: etag_ngx_str is not defined
1541707453394	Marionette	INFO	Stopped listening on port 62264
[Child 46520, Chrome_ChildThread] WARNING: pipe error: 109: file z:/build/build/src/ipc/chromium/src/chrome/common/ipc_channel_win.cc, line 346
[Child 46520, Chrome[Child 26912, Chrome_ChildThread] WARNING: pipe error: 109: file z:/build/build/src/ipc/chromium/src/chrome/common/ipc_channel_win.cc, line 346
[Child 26912, Ch[Parent 26652, Gecko_IOThread] WARNING: pipe error: 109: file z:/build/build/src/ipc/chromium/src/chrome/common/ipc_channel_win.cc, line 346
[Child 45308, Chrome_ChildThread] WARNING: pipe error: 109: file z:/build/build/src/ipc/chromium/src/chrome/common/ipc_channel_win.cc, line 346
[Child 45308, Chr[GPU 17868, Chrom
###!!! [Child][MessageChannel::SendAndWait] Error: Channel error: cannot send/recv

1541708415352	mozrunner::runner	INFO	Running command: "A:\\常用软件安装\\Firefox\\firefox.exe" "-marionette" "-foreground" "-no-remote" "-profile" "C:\\Users\\10787\\AppData\\Local\\Temp\\rust_mozprofile.TMGEIsEVXRm4"
1541708417188	Marionette	INFO	Listening on port 49695
1541708417464	Marionette	WARN	TLS certificate errors will be ignored for this session
JavaScript error: http://beacon.sina.com.cn/h.js, line 1: ReferenceError: etag_ngx_str is not defined
1541708419702	Marionette	INFO	Stopped listening on port 49695
[Parent 44664, Gecko_IOThread] WARNING: pipe error: 109: file z:/build/build/src/ipc/chromium/src/chrome/common/ipc_channel_win.cc, line 346
[Child 12844, Chrome_ChildThread] WARNING: pipe error: 109: file z:/build/build/src/ipc/chromium/src/chrome/common/ipc_channel_win.cc, line 346
[Child 12844, Chrome_ChildTh[Parent 44664, Gecko_IOThread] WARNING: pipe error: 109: file z:/build/build/src/ipc/chromium/src/chrome/common/ipc_channel_win.cc, line 346
[Child 37880, Chrome_ChildThread] WARNING: pipe error: 109: file z:/build/build/src/ipc/chromium/src/chrome/common/ipc_channel_win.cc, line 346
[Child 37880, Chrom[Parent 44664, Gecko_IOThread] WARNING: pipe error: 109: file z:/build/build/src/ipc/chromium/src/chrome/common/ipc_channel_win.cc, line 346
[Child 34580, Chrome_ChildThread] WARNING: pipe error: 109: file z:/build/build/src/ipc/chromium/src/chrome/common/ipc_channel_win.cc, line 346
[Child 34580, 
###!!! [Child][RunMessage] Error: Channel closing: too late to send/recv, messages will be lost

[GPU 440
###!!! [Child][MessageChannel::SendAndWait] Error: Channel error: cannot send/recv

1541708564449	mozrunner::runner	INFO	Running command: "A:\\常用软件安装\\Firefox\\firefox.exe" "-marionette" "-foreground" "-no-remote" "-profile" "C:\\Users\\10787\\AppData\\Local\\Temp\\rust_mozprofile.MyzAiLQbRjNN"
1541708566188	Marionette	INFO	Listening on port 50265
1541708566567	Marionette	WARN	TLS certificate errors will be ignored for this session
JavaScript error: http://beacon.sina.com.cn/h.js, line 1: ReferenceError: etag_ngx_str is not defined
1541708568761	Marionette	INFO	Stopped listening on port 50265
[Child 40136, Chrome_ChildThread] WARNING: pipe error: 109: file z:/build/build/src/ipc/chromium/src/chrome/common/ipc_channel_win.cc, line 346
[Child 40136,[Parent 42032, Gecko_IOThread] WARNING: pipe error: 109: file z:/build/build/src/ipc/chromium/src/chrome/common/ipc_channel_win.cc, line 346
[Child 4724, Chrome_ChildThread] WARNING: pipe error: 109: file z:/build/build/src/ipc/chromium/src/chrome/common/ipc_channel_win.cc, line 346
[Child 4724, Chro[Parent 42032, Gecko_IOThread] WARNING: pipe error: 109: file z:/build/build/src/ipc/chromium/src/chrome/common/ipc_channel_win.cc, line 346
[Child 48164, Chrome_ChildThread] WARNING: pipe error: 109: file z:/build/build/src/ipc/chromium/src/chrome/common/ipc_channel_win.cc, line 346
[Child 48164, Chr[GPU 423
###!!! [Child][RunMessage] Error: Channel closing: too late to send/recv, messages will be lost


###!!! [Child][MessageChannel::SendAndWait] Error: Channel error: cannot send/recv

1541711792313	mozrunner::runner	INFO	Running command: "A:\\常用软件安装\\Firefox\\firefox.exe" "-marionette" "-foreground" "-no-remote" "-profile" "C:\\Users\\10787\\AppData\\Local\\Temp\\rust_mozprofile.CYXaC19EQZ9N"
1541711794047	Marionette	INFO	Listening on port 62149
1541711794432	Marionette	WARN	TLS certificate errors will be ignored for this session
JavaScript error: http://beacon.sina.com.cn/h.js, line 1: ReferenceError: etag_ngx_str is not defined
[Parent 41488, Gecko_IOThread] WARNING: pipe error: 109: file z:/build/build/src/ipc/chromium/src/chrome/common/ipc_channel_win.cc, line 346
[Child 27728, Chrome_ChildThread] WARNING: pipe error: 109: file z:/build/build/src/ipc/chromium/src/chrome/common/ipc_channel_win.cc, line 346
[Child 27728, Chrome_C[Child 39848, Chrome_ChildThread] WARNING: pipe error: 109: file z:/build/build/src/ipc/chromium/src/chrome/common/ipc_channel_win.cc, line 346
[Child 39848[Parent 41488, Gecko_IOThread] WARNING: pipe error: 109: file z:/build/build/src/ipc/chromium/src/chrome/common/ipc_channel_win.cc, line 346
[Child 16080, Chrome_ChildThread] WARNING: pipe error: 109: file z:/build/build/src/ipc/chromium/src/chrome/common/ipc_channel_win.cc, line 346
[Child 160801541711892036	Marionette	INFO	Stopped listening on port 62149

###!!! [Child][MessageChannel::SendAndWait] Error: Channel error: cannot send/recv

1541712255791	mozrunner::runner	INFO	Running command: "A:\\常用软件安装\\Firefox\\firefox.exe" "-marionette" "-foreground" "-no-remote" "-profile" "C:\\Users\\10787\\AppData\\Local\\Temp\\rust_mozprofile.dCSwzO55HChS"
1541712257472	Marionette	INFO	Listening on port 63923
1541712257905	Marionette	WARN	TLS certificate errors will be ignored for this session
JavaScript error: http://beacon.sina.com.cn/h.js, line 1: ReferenceError: etag_ngx_str is not defined
1541712261146	Marionette	INFO	Stopped listening on port 63923
[Child 2060, Chrome_ChildThread] WARNING: pipe error: 109: file z:/build/build/src/ipc/chromium/src/chrome/common/ipc_channel_win.cc, line 346
[Child 206[Parent 43716, Gecko_IOThread] WARNING: pipe error: 109: file z:/build/build/src/ipc/chromium/src/chrome/common/ipc_channel_win.cc, line 346
[Child 48608, Chrome_ChildThread] WARNING: pipe error: 109: file z:/build/build/src/ipc/chromium/src/chrome/common/ipc_channel_win.cc, line 346
[Child 48608[Child 44680, Chrome_ChildThread] WARNING: pipe error: 109: file z:/build/build/src/ipc/chromium/src/chrome/common/ipc_channel_win.cc, line 346
[Child 44680, Chro[GPU 41908, 
###!!! [Child][RunMessage] Error: Channel closing: too late to send/recv, messages will be lost

C
###!!! [Child][MessageChannel::SendAndWait] Error: Channel error: cannot send/recv

1541712312707	mozrunner::runner	INFO	Running command: "A:\\常用软件安装\\Firefox\\firefox.exe" "-marionette" "-foreground" "-no-remote" "-profile" "C:\\Users\\10787\\AppData\\Local\\Temp\\rust_mozprofile.fJ29H7Zosyke"
1541712314468	Marionette	INFO	Listening on port 64230
1541712314834	Marionette	WARN	TLS certificate errors will be ignored for this session
JavaScript error: http://beacon.sina.com.cn/h.js, line 1: ReferenceError: etag_ngx_str is not defined
1541712318248	Marionette	INFO	Stopped listening on port 64230
[Parent 10320, Gecko_IOThread] WARNING: pipe error: 109: file z:/build/build/src/ipc/chromium/src/chrome/common/ipc_channel_win.cc, line 346
[Child 30036, Chrome_ChildThread] WARNING: pipe error: 109: file z:/build/build/src/ipc/chromium/src/chrome/common/ipc_channel_win.cc, line 346
[Child 30036,[Child 10780, Chrome_ChildThread] WARNING: pipe error: 109: file z:/build/build/src/ipc/chromium/src/chrome/common/ipc_channel_win.cc, line 346
[Child 10780, Chrome_[Parent 10320, Gecko_IOThread] WARNING: pipe error: 109: file z:/build/build/src/ipc/chromium/src/chrome/common/ipc_channel_win.cc, line 346
[Child 35448, Chrome_ChildThread] WARNING: pipe error: 109: file z:/build/build/src/ipc/chromium/src/chrome/common/ipc_channel_win.cc, line 346
[Child 35448, 
###!!! [Child][RunMessage] Error: Channel closing: too late to send/recv, messages will be lost

[GPU 32820
###!!! [Child][MessageChannel::SendAndWait] Error: Channel error: cannot send/recv

1541712612566	mozrunner::runner	INFO	Running command: "A:\\常用软件安装\\Firefox\\firefox.exe" "-marionette" "-foreground" "-no-remote" "-profile" "C:\\Users\\10787\\AppData\\Local\\Temp\\rust_mozprofile.UKeDZJWHmioR"
1541712614345	Marionette	INFO	Listening on port 65349
1541712614700	Marionette	WARN	TLS certificate errors will be ignored for this session
JavaScript error: http://beacon.sina.com.cn/h.js, line 1: ReferenceError: etag_ngx_str is not defined
1541712617915	Marionette	INFO	Stopped listening on port 65349
[Parent 43540, Gecko_IOThread] WARNING: pipe error: 109: file z:/build/build/src/ipc/chromium/src/chrome/common/ipc_channel_win.cc, line 346
[Child 38352, Chrome_ChildThread] WARNING: pipe error: 109: file z:/build/build/src/ipc/chromium/src/chrome/common/ipc_channel_win.cc, line 346
[Child 38352, Chrome_ChildThr[Parent 43540, Gecko_IOThread] WARNING: pipe error: 109: file z:/build/build/src/ipc/chromium/src/chrome/common/ipc_channel_win.cc, line 346
[Child 43488, Chrome_ChildThread] WARNING: pipe error: 109: file z:/build/build/src/ipc/chromium/src/chrome/common/ipc_channel_win.cc, line 346
[Child 43488, Chrome_Chil[Parent 43540, Gecko_IOThread] WARNING: pipe error: 109: file z:/build/build/src/ipc/chromium/src/chrome/common/ipc_channel_win.cc, line 346
[Child 30744, Chrome_ChildThread] WARNING: pipe error: 109: file z:/build/build/src/ipc/chromium/src/chrome/common/ipc_channel_win.cc, line 346
[Child 30744, 
###!!! [Child][RunMessage] Error: Channel closing: too late to send/recv, messages will be lost

[GPU 43476
###!!! [Child][MessageChannel::SendAndWait] Error: Channel error: cannot send/recv

1541712643730	mozrunner::runner	INFO	Running command: "A:\\常用软件安装\\Firefox\\firefox.exe" "-marionette" "-foreground" "-no-remote" "-profile" "C:\\Users\\10787\\AppData\\Local\\Temp\\rust_mozprofile.1jfWEcQTKn1r"
1541712645429	Marionette	INFO	Listening on port 49190
1541712645850	Marionette	WARN	TLS certificate errors will be ignored for this session
JavaScript error: http://beacon.sina.com.cn/h.js, line 1: ReferenceError: etag_ngx_str is not defined
1541712649183	Marionette	INFO	Stopped listening on port 49190
[Parent 40700, Gecko_IOThread] WARNING: pipe error: 109: file z:/build/build/src/ipc/chromium/src/chrome/common/ipc_channel_win.cc, line 346
[Child 8092, Chrome_ChildThread] WARNING: pipe error: 109: file z:/build/build/src/ipc/chromium/src/chrome/common/ipc_channel_win.cc, line 346
[Child 8092, Chrome_ChildThrea[Parent 40700, Gecko_IOThread] WARNING: pipe error: 109: file z:/build/build/src/ipc/chromium/src/chrome/common/ipc_channel_win.cc, line 346
[Child 38172, Chrome_ChildThread] WARNING: pipe error: 109: file z:/build/build/src/ipc/chromium/src/chrome/common/ipc_channel_win.cc, line 346
[Child 38172, Chrome_ChildThread] WARNING: pipe error: 109: file z:/buil[Parent 40700, Gecko_IOThread] WARNING: pipe error: 109: file z:/build/build/src/ipc/chromium/src/chrome/common/ipc_channel_win.cc, line 346
[Child 38112, Chrome_ChildThread] WARNING: pipe error: 109: file z:/build/build/src/ipc/chromium/src/chrome/common/ipc_channel_win.cc, line 346
[Child 38112, C
###!!! [Child][RunMessage] Error: Channel closing: too late to send/recv, messages will be lost

[GPU 48188,
###!!! [Child][MessageChannel::SendAndWait] Error: Channel error: cannot send/recv

1541712737841	mozrunner::runner	INFO	Running command: "A:\\常用软件安装\\Firefox\\firefox.exe" "-marionette" "-foreground" "-no-remote" "-profile" "C:\\Users\\10787\\AppData\\Local\\Temp\\rust_mozprofile.x3NWkrxkdbKx"
1541712739611	Marionette	INFO	Listening on port 49635
1541712739966	Marionette	WARN	TLS certificate errors will be ignored for this session
JavaScript error: http://beacon.sina.com.cn/h.js, line 1: ReferenceError: etag_ngx_str is not defined
1541712743157	Marionette	INFO	Stopped listening on port 49635
[Child 33740, Chrome_ChildThread] WARNING: pipe error: 109: file z:/build/build/src/ipc/chromium/src/chrome/common/ipc_channel_win.cc, line 346
[Child 3374[Parent 46464, Gecko_IOThread] WARNING: pipe error: 109: file z:/build/build/src/ipc/chromium/src/chrome/common/ipc_channel_win.cc, line 346
[Child 45592, Chrome_ChildThread] WARNING: pipe error: 109: file z:/build/build/src/ipc/chromium/src/chrome/common/ipc_channel_win.cc, line 346
[Child 45592, C[Parent 46464, Gecko_IOThread] WARNING: pipe error: 109: file z:/build/build/src/ipc/chromium/src/chrome/common/ipc_channel_win.cc, line 346
[Child 49516, Chrome_ChildThread] WARNING: pipe error: 109: file z:/build/build/src/ipc/chromium/src/chrome/common/ipc_channel_win.cc, line 346
[Child 49516, [GPU 32716,
###!!! [Child][RunMessage] Error: Channel closing: too late to send/recv, messages will be lost


###!!! [Child][MessageChannel::SendAndWait] Error: Channel error: cannot send/recv

1541712755596	mozrunner::runner	INFO	Running command: "A:\\常用软件安装\\Firefox\\firefox.exe" "-marionette" "-foreground" "-no-remote" "-profile" "C:\\Users\\10787\\AppData\\Local\\Temp\\rust_mozprofile.ilBacyE6AbAz"
1541712757316	Marionette	INFO	Listening on port 49810
1541712757709	Marionette	WARN	TLS certificate errors will be ignored for this session
JavaScript error: http://beacon.sina.com.cn/h.js, line 1: ReferenceError: etag_ngx_str is not defined
1541712760976	Marionette	INFO	Stopped listening on port 49810
[Child 35012, Chrome_ChildThread] WARNING: pipe error: 109: file z:/build/build/src/ipc/chromium/src/chrome/common/ipc_channel_win.cc, line 346
[Child 35012, Chrome_Ch[Parent 26080, Gecko_IOThread] WARNING: pipe error: 109: file z:/build/build/src/ipc/chromium/src/chrome/common/ipc_channel_win.cc, line 346
[Child 41256, Chrome_ChildThread] WARNING: pipe error: 109: file z:/build/build/src/ipc/chromium/src/chrome/common/ipc_channel_win.cc, line 346
[Child 41256, Chrome_ChiJavaScript error: jar:file:///A:/%E5%B8%B8%E7%94%A8%E8%BD%AF%E4%BB%B6%E5%AE%89%E8%A3%85/Firefox/omni.ja!/components/nsUrlClassifierListManager.js, line 597: TypeError: this.tablesData[table] is undefined
[Parent 26080, Gecko_IOThread] WARNING: pipe error: 109: file z:/build/build/src/ipc/chromium/src/chrome/common/ipc_channel_win.cc, line 346
[Child 45080, Chrome_ChildThread] WARNING: pipe error: 109: file z:/build/build/src/ipc/chromium/src/chrome/common/ipc_channel_win.cc, line 346
[Child 45080, 
###!!! [Child][RunMessage] Error: Channel closing: too late to send/recv, messages will be lost

[GPU 41484, Ch
###!!! [Child][MessageChannel::SendAndWait] Error: Channel error: cannot send/recv

1541712961937	mozrunner::runner	INFO	Running command: "A:\\常用软件安装\\Firefox\\firefox.exe" "-marionette" "-foreground" "-no-remote" "-profile" "C:\\Users\\10787\\AppData\\Local\\Temp\\rust_mozprofile.4TEGz0q4BwXv"
1541712963665	Marionette	INFO	Listening on port 50655
1541712964057	Marionette	WARN	TLS certificate errors will be ignored for this session
JavaScript error: http://beacon.sina.com.cn/h.js, line 1: ReferenceError: etag_ngx_str is not defined
1541712967348	Marionette	INFO	Stopped listening on port 50655
[Parent 32492, Gecko_IOThread] WARNING: pipe error: 109: file z:/build/build/src/ipc/chromium/src/chrome/common/ipc_channel_win.cc, line 346
[Child 12712, Chrome_ChildThread] WARNING: pipe error: 109: file z:/build/build/src/ipc/chromium/src/chrome/common/ipc_channel_win.cc, line 346
[Child 12712, Ch[Child 1548, Chrome_ChildThread] WARNING: pipe error: 109: file z:/build/build/src/ipc/chromium/src/chrome/common/ipc_channel_win.cc, line 346
[Child 1548, Chrome_ChildThread[Parent 32492, Gecko_IOThread] WARNING: pipe error: 109: file z:/build/build/src/ipc/chromium/src/chrome/common/ipc_channel_win.cc, line 346
[Child 37104, Chrome_ChildThread] WARNING: pipe error: 109: file z:/build/build/src/ipc/chromium/src/chrome/common/ipc_channel_win.cc, line 346
[Child 37104, Ch
###!!! [Child][RunMessage] Error: Channel closing: too late to send/recv, messages will be lost

[GPU 29288, Chrome_ChildT
###!!! [Child][MessageChannel::SendAndWait] Error: Channel error: cannot send/recv

1541713564810	mozrunner::runner	INFO	Running command: "A:\\常用软件安装\\Firefox\\firefox.exe" "-marionette" "-foreground" "-no-remote" "-profile" "C:\\Users\\10787\\AppData\\Local\\Temp\\rust_mozprofile.Uv776G53kl8b"
1541713566557	Marionette	INFO	Listening on port 52919
1541713566924	Marionette	WARN	TLS certificate errors will be ignored for this session
JavaScript error: http://beacon.sina.com.cn/h.js, line 1: ReferenceError: etag_ngx_str is not defined
1541713570215	Marionette	INFO	Stopped listening on port 52919
[Parent 46256, Gecko_IOThread] WARNING: pipe error: 109: file z:/build/build/src/ipc/chromium/src/chrome/common/ipc_channel_win.cc, line 346
[Child 19688, Chrome_ChildThread] WARNING: pipe error: 109: file z:/build/build/src/ipc/chromium/src/chrome/common/ipc_channel_win.cc, line 346
[Child 19688, Chr[Parent 46256, Gecko_IOThread] WARNING: pipe error: 109: file z:/build/build/src/ipc/chromium/src/chrome/common/ipc_channel_win.cc, line 346
[Child 41420, Chrome_ChildThread] WARNING: pipe error: 109: file z:/build/build/src/ipc/chromium/src/chrome/common/ipc_channel_win.cc, line 346
[Child 41420, Chrome_ChildThread] WARN[Parent 46256, Gecko_IOThread] WARNING: pipe error: 109: file z:/build/build/src/ipc/chromium/src/chrome/common/ipc_channel_win.cc, line 346
[Child 14936, Chrome_ChildThread] WARNING: pipe error: 109: file z:/build/build/src/ipc/chromium/src/chrome/common/ipc_channel_win.cc, line 346
[Child 14936, Chrome_Chi[GP
###!!! [Child][RunMessage] Error: Channel closing: too late to send/recv, messages will be lost

U
###!!! [Child][MessageChannel::SendAndWait] Error: Channel error: cannot send/recv

1541713785298	mozrunner::runner	INFO	Running command: "A:\\常用软件安装\\Firefox\\firefox.exe" "-marionette" "-foreground" "-no-remote" "-profile" "C:\\Users\\10787\\AppData\\Local\\Temp\\rust_mozprofile.U1Jzdh3wK4sP"
1541713787005	Marionette	INFO	Listening on port 53851
1541713787418	Marionette	WARN	TLS certificate errors will be ignored for this session
JavaScript error: http://beacon.sina.com.cn/h.js, line 1: ReferenceError: etag_ngx_str is not defined
1541713790753	Marionette	INFO	Stopped listening on port 53851
[Parent 21696, Gecko_IOThread] WARNING: pipe error: 109: file z:/build/build/src/ipc/chromium/src/chrome/common/ipc_channel_win.cc, line 346
[Child 20356, Chrome_ChildThread] WARNING: pipe error: 109: file z:/build/build/src/ipc/chromium/src/chrome/common/ipc_channel_win.cc, line 346
[Child 20356, [Parent 21696, Gecko_IOThread] WARNING: pipe error: 109: file z:/build/build/src/ipc/chromium/src/chrome/common/ipc_channel_win.cc, line 346
[Child 26408, Chrome_ChildThread] WARNING: pipe error: 109: file z:/build/build/src/ipc/chromium/src/chrome/common/ipc_channel_win.cc, line 346
[Child 26408, Chro[Parent 21696, Gecko_IOThread] WARNING: pipe error: 109: file z:/build/build/src/ipc/chromium/src/chrome/common/ipc_channel_win.cc, line 346
[Child 48640, Chrome_ChildThread] WARNING: pipe error: 109: file z:/build/build/src/ipc/chromium/src/chrome/common/ipc_channel_win.cc, line 346
[Child 48640, Chrom
###!!! [Child][RunMessage] Error: Channel closing: too late to send/recv, messages will be lost

[GPU 33524, Chrome_C
###!!! [Child][MessageChannel::SendAndWait] Error: Channel error: cannot send/recv

1541714071370	mozrunner::runner	INFO	Running command: "A:\\常用软件安装\\Firefox\\firefox.exe" "-marionette" "-foreground" "-no-remote" "-profile" "C:\\Users\\10787\\AppData\\Local\\Temp\\rust_mozprofile.llnQ0jSwXmMK"
1541714073259	Marionette	INFO	Listening on port 54903
1541714073490	Marionette	WARN	TLS certificate errors will be ignored for this session
JavaScript error: http://beacon.sina.com.cn/h.js, line 1: ReferenceError: etag_ngx_str is not defined
1541714076676	Marionette	INFO	Stopped listening on port 54903
[Child 44328, Chrome_ChildThread] WARNING: pipe error: 109: file z:/build/build/src/ipc/chromium/src/chrome/common/ipc_channel_win.cc, line 346
[Child 44328[Parent 5748, Gecko_IOThread] WARNING: pipe error: 109: file z:/build/build/src/ipc/chromium/src/chrome/common/ipc_channel_win.cc, line 346
[Child 23984, Chrome_ChildThread] WARNING: pipe error: 109: file z:/build/build/src/ipc/chromium/src/chrome/common/ipc_channel_win.cc, line 346
[Child 23984, C[Parent 5748, Gecko_IOThread] WARNING: pipe error: 109: file z:/build/build/src/ipc/chromium/src/chrome/common/ipc_channel_win.cc, line 346
[Child 41828, Chrome_ChildThread] WARNING: pipe error: 109: file z:/build/build/src/ipc/chromium/src/chrome/common/ipc_channel_win.cc, line 346
[Child 41828, 
###!!! [Child][RunMessage] Error: Channel closing: too late to send/recv, messages will be lost

[GPU 85
###!!! [Child][MessageChannel::SendAndWait] Error: Channel error: cannot send/recv

1541715360384	mozrunner::runner	INFO	Running command: "A:\\常用软件安装\\Firefox\\firefox.exe" "-marionette" "-foreground" "-no-remote" "-profile" "C:\\Users\\10787\\AppData\\Local\\Temp\\rust_mozprofile.Owpo5VMwZZ0U"
1541715362241	Marionette	INFO	Listening on port 59833
1541715362503	Marionette	WARN	TLS certificate errors will be ignored for this session
JavaScript error: http://beacon.sina.com.cn/h.js, line 1: ReferenceError: etag_ngx_str is not defined
1541715365793	Marionette	INFO	Stopped listening on port 59833
[Child 23344, Chrome_ChildThread] WARNING: pipe error: 109: file z:/build/build/src/ipc/chromium/src/chrome/common/ipc_channel_win.cc, line 346
[Child 2334[Parent 17776, Gecko_IOThread] WARNING: pipe error: 109: file z:/build/build/src/ipc/chromium/src/chrome/common/ipc_channel_win.cc, line 346
[Child 9108, Chrome_ChildThread] WARNING: pipe error: 109: file z:/build/build/src/ipc/chromium/src/chrome/common/ipc_channel_win.cc, line 346
[Child 9108, Chrome_ChildThread] WARNING: pipe error: 1[Parent 17776, Gecko_IOThread] WARNING: pipe error: 109: file z:/build/build/src/ipc/chromium/src/chrome/common/ipc_channel_win.cc, line 346
[Child 2736, Chrome_ChildThread] WARNING: pipe error: 109: file z:/build/build/src/ipc/chromium/src/chrome/common/ipc_channel_win.cc, line 346
[Child 2736, 
###!!! [Child][RunMessage] Error: Channel closing: too late to send/recv, messages will be lost


###!!! [Child][MessageChannel::SendAndWait] Error: Channel error: cannot send/recv

1541715429728	mozrunner::runner	INFO	Running command: "A:\\常用软件安装\\Firefox\\firefox.exe" "-marionette" "-foreground" "-no-remote" "-profile" "C:\\Users\\10787\\AppData\\Local\\Temp\\rust_mozprofile.lgD9IxAmLdrJ"
1541715431529	Marionette	INFO	Listening on port 60187
1541715431844	Marionette	WARN	TLS certificate errors will be ignored for this session
JavaScript error: http://beacon.sina.com.cn/h.js, line 1: ReferenceError: etag_ngx_str is not defined
1541715435111	Marionette	INFO	Stopped listening on port 60187
[Child 15024, Chrome_ChildThread] WARNING: pipe error: 109: file z:/build/build/src/ipc/chromium/src/chrome/common/ipc_channel_win.cc, line 346
[Child 15024, C[Child 10252, Chrome_ChildThread] WARNING: pipe error: 109: file z:/build/build/src/ipc/chromium/src/chrome/common/ipc_channel_win.cc, line 346
[Child 10252, Chr[Parent 24644, Gecko_IOThread] WARNING: pipe error: 109: file z:/build/build/src/ipc/chromium/src/chrome/common/ipc_channel_win.cc, line 346
[Child 36944, Chrome_ChildThread] WARNING: pipe error: 109: file z:/build/build/src/ipc/chromium/src/chrome/common/ipc_channel_win.cc, line 346
[Child 36944,
###!!! [Child][RunMessage] Error: Channel closing: too late to send/recv, messages will be lost

[GPU 
###!!! [Child][MessageChannel::SendAndWait] Error: Channel error: cannot send/recv

